
Collecting usage statistics. To deactivate, set browser.gatherUsageStats to false.


  You can now view your Streamlit app in your browser.

  Local URL: http://localhost:8501
  Network URL: http://172.30.1.98:8501
  External URL: http://112.169.251.45:8501

  For better performance, install the Watchdog module:

  $ xcode-select --install
  $ pip install watchdog
            
2026-07-16 09:08:50.206 Please replace `use_container_width` with `width`.

`use_container_width` will be removed after 2025-12-31.

For `use_container_width=True`, use `width='stretch'`. For `use_container_width=False`, use `width='content'`.
2026-07-16 10:09:34.821 Uncaught app execution
Traceback (most recent call last):
  File "/Users/koko/Desktop/코로라/.venv/lib/python3.9/site-packages/streamlit/runtime/scriptrunner/exec_code.py", line 128, in exec_func_with_error_handling
    result = func()
  File "/Users/koko/Desktop/코로라/.venv/lib/python3.9/site-packages/streamlit/runtime/scriptrunner/script_runner.py", line 669, in code_to_exec
    exec(code, module.__dict__)  # noqa: S102
  File "/Users/koko/Desktop/코로라/app.py", line 6, in <module>
    load_css("style.css")
  File "/Users/koko/Desktop/코로라/app.py", line 3, in load_css
    with open(css_file, "r", encoding="utf-8") as f:
FileNotFoundError: [Errno 2] No such file or directory: 'style.css'
2026-07-16 10:13:06.602 Uncaught app execution
Traceback (most recent call last):
  File "/Users/koko/Desktop/코로라/.venv/lib/python3.9/site-packages/streamlit/runtime/scriptrunner/exec_code.py", line 128, in exec_func_with_error_handling
    result = func()
  File "/Users/koko/Desktop/코로라/.venv/lib/python3.9/site-packages/streamlit/runtime/scriptrunner/script_runner.py", line 669, in code_to_exec
    exec(code, module.__dict__)  # noqa: S102
  File "/Users/koko/Desktop/코로라/app.py", line 71, in <module>
    main()
  File "/Users/koko/Desktop/코로라/app.py", line 41, in main
    init_db()
NameError: name 'init_db' is not defined
2026-07-16 10:13:20.415 Uncaught app execution
Traceback (most recent call last):
  File "/Users/koko/Desktop/코로라/.venv/lib/python3.9/site-packages/streamlit/runtime/scriptrunner/exec_code.py", line 128, in exec_func_with_error_handling
    result = func()
  File "/Users/koko/Desktop/코로라/.venv/lib/python3.9/site-packages/streamlit/runtime/scriptrunner/script_runner.py", line 669, in code_to_exec
    exec(code, module.__dict__)  # noqa: S102
  File "/Users/koko/Desktop/코로라/app.py", line 71, in <module>
    main()
  File "/Users/koko/Desktop/코로라/app.py", line 41, in main
    init_db()
NameError: name 'init_db' is not defined
2026-07-16 10:19:25.757 Please replace `use_container_width` with `width`.

`use_container_width` will be removed after 2025-12-31.

For `use_container_width=True`, use `width='stretch'`. For `use_container_width=False`, use `width='content'`.
